# JRE version: Java(TM) SE Runtime Environment (7.0_51-b13) (build 1.7.0_51-b13)
# Java VM: Java HotSpot(TM) 64-Bit Server VM (24.51-b03 mixed mode windows-amd64 compressed oops)
Heap
 PSYoungGen      total 303104K, used 162816K [0x00000007d5a00000, 0x00000007fc700000, 0x0000000800000000)
  eden space 140288K, 0% used [0x00000007d5a00000,0x00000007d5a00000,0x00000007de300000)
  from space 162816K, 100% used [0x00000007de300000,0x00000007e8200000,0x00000007e8200000)
  to   space 231424K, 0% used [0x00000007ee500000,0x00000007ee500000,0x00000007fc700000)
 ParOldGen       total 439296K, used 312520K [0x0000000780e00000, 0x000000079bb00000, 0x00000007d5a00000)
  object space 439296K, 71% used [0x0000000780e00000,0x0000000793f32350,0x000000079bb00000)
 PSPermGen       total 21504K, used 8427K [0x000000077bc00000, 0x000000077d100000, 0x0000000780e00000)
  object space 21504K, 39% used [0x000000077bc00000,0x000000077c43adb8,0x000000077d100000)
GC Heap History (10 events):
Event: 2.657 GC heap after
Heap after GC invocations=5 (full 1):
 PSYoungGen      total 138240K, used 0K [0x00000007d5a00000, 0x00000007de600000, 0x0000000800000000)
  eden space 133120K, 0% used [0x00000007d5a00000,0x00000007d5a00000,0x00000007ddc00000)
  from space 5120K, 0% used [0x00000007de100000,0x00000007de100000,0x00000007de600000)
  to   space 5120K, 0% used [0x00000007ddc00000,0x00000007ddc00000,0x00000007de100000)
 ParOldGen       total 196096K, used 84261K [0x0000000780e00000, 0x000000078cd80000, 0x00000007d5a00000)
  object space 196096K, 42% used [0x0000000780e00000,0x00000007860497b8,0x000000078cd80000)
 PSPermGen       total 21504K, used 7648K [0x000000077bc00000, 0x000000077d100000, 0x0000000780e00000)
  object space 21504K, 35% used [0x000000077bc00000,0x000000077c3780b8,0x000000077d100000)
}
Event: 2.792 GC heap before
{Heap before GC invocations=6 (full 1):
 PSYoungGen      total 138240K, used 133120K [0x00000007d5a00000, 0x00000007de600000, 0x0000000800000000)
  eden space 133120K, 100% used [0x00000007d5a00000,0x00000007ddc00000,0x00000007ddc00000)
  from space 5120K, 0% used [0x00000007de100000,0x00000007de100000,0x00000007de600000)
  to   space 5120K, 0% used [0x00000007ddc00000,0x00000007ddc00000,0x00000007de100000)
 ParOldGen       total 196096K, used 84261K [0x0000000780e00000, 0x000000078cd80000, 0x00000007d5a00000)
  object space 196096K, 42% used [0x0000000780e00000,0x00000007860497b8,0x000000078cd80000)
 PSPermGen       total 21504K, used 7648K [0x000000077bc00000, 0x000000077d100000, 0x0000000780e00000)
  object space 21504K, 35% used [0x000000077bc00000,0x000000077c3780b8,0x000000077d100000)
Event: 2.932 GC heap after
Heap after GC invocations=6 (full 1):
 PSYoungGen      total 138240K, used 5120K [0x00000007d5a00000, 0x00000007efd00000, 0x0000000800000000)
  eden space 133120K, 0% used [0x00000007d5a00000,0x00000007d5a00000,0x00000007ddc00000)
  from space 5120K, 100% used [0x00000007ddc00000,0x00000007de100000,0x00000007de100000)
  to   space 125952K, 0% used [0x00000007e8200000,0x00000007e8200000,0x00000007efd00000)
 ParOldGen       total 213504K, used 213021K [0x0000000780e00000, 0x000000078de80000, 0x00000007d5a00000)
  object space 213504K, 99% used [0x0000000780e00000,0x000000078de077b8,0x000000078de80000)
 PSPermGen       total 21504K, used 7648K [0x000000077bc00000, 0x000000077d100000, 0x0000000780e00000)
  object space 21504K, 35% used [0x000000077bc00000,0x000000077c3780b8,0x000000077d100000)
}
Event: 2.932 GC heap before
{Heap before GC invocations=7 (full 2):
 PSYoungGen      total 138240K, used 5120K [0x00000007d5a00000, 0x00000007efd00000, 0x0000000800000000)
  eden space 133120K, 0% used [0x00000007d5a00000,0x00000007d5a00000,0x00000007ddc00000)
  from space 5120K, 100% used [0x00000007ddc00000,0x00000007de100000,0x00000007de100000)
  to   space 125952K, 0% used [0x00000007e8200000,0x00000007e8200000,0x00000007efd00000)
 ParOldGen       total 213504K, used 213021K [0x0000000780e00000, 0x000000078de80000, 0x00000007d5a00000)
  object space 213504K, 99% used [0x0000000780e00000,0x000000078de077b8,0x000000078de80000)
 PSPermGen       total 21504K, used 7648K [0x000000077bc00000, 0x000000077d100000, 0x0000000780e00000)
  object space 21504K, 35% used [0x000000077bc00000,0x000000077c3780b8,0x000000077d100000)
Event: 3.616 GC heap after
Heap after GC invocations=7 (full 2):
 PSYoungGen      total 138240K, used 2045K [0x00000007d5a00000, 0x00000007efd00000, 0x0000000800000000)
  eden space 133120K, 0% used [0x00000007d5a00000,0x00000007d5a00000,0x00000007ddc00000)
  from space 5120K, 39% used [0x00000007ddc00000,0x00000007dddff5c8,0x00000007de100000)
  to   space 125952K, 0% used [0x00000007e8200000,0x00000007e8200000,0x00000007efd00000)
 ParOldGen       total 439296K, used 213137K [0x0000000780e00000, 0x000000079bb00000, 0x00000007d5a00000)
  object space 439296K, 48% used [0x0000000780e00000,0x000000078de24468,0x000000079bb00000)
 PSPermGen       total 21504K, used 7648K [0x000000077bc00000, 0x000000077d100000, 0x0000000780e00000)
  object space 21504K, 35% used [0x000000077bc00000,0x000000077c378098,0x000000077d100000)
}
Event: 3.712 GC heap before
{Heap before GC invocations=8 (full 2):
 PSYoungGen      total 138240K, used 135165K [0x00000007d5a00000, 0x00000007efd00000, 0x0000000800000000)
  eden space 133120K, 100% used [0x00000007d5a00000,0x00000007ddc00000,0x00000007ddc00000)
  from space 5120K, 39% used [0x00000007ddc00000,0x00000007dddff5c8,0x00000007de100000)
  to   space 125952K, 0% used [0x00000007e8200000,0x00000007e8200000,0x00000007efd00000)
 ParOldGen       total 439296K, used 213137K [0x0000000780e00000, 0x000000079bb00000, 0x00000007d5a00000)
  object space 439296K, 48% used [0x0000000780e00000,0x000000078de24468,0x000000079bb00000)
 PSPermGen       total 21504K, used 7648K [0x000000077bc00000, 0x000000077d100000, 0x0000000780e00000)
  object space 21504K, 35% used [0x000000077bc00000,0x000000077c378098,0x000000077d100000)
Event: 3.877 GC heap after
Heap after GC invocations=8 (full 2):
 PSYoungGen      total 266240K, used 125952K [0x00000007d5a00000, 0x00000007f3500000, 0x0000000800000000)
  eden space 140288K, 0% used [0x00000007d5a00000,0x00000007d5a00000,0x00000007de300000)
  from space 125952K, 100% used [0x00000007e8200000,0x00000007efd00000,0x00000007efd00000)
  to   space 162816K, 0% used [0x00000007de300000,0x00000007de300000,0x00000007e8200000)
 ParOldGen       total 439296K, used 222585K [0x0000000780e00000, 0x000000079bb00000, 0x00000007d5a00000)
  object space 439296K, 50% used [0x0000000780e00000,0x000000078e75e468,0x000000079bb00000)
 PSPermGen       total 21504K, used 7648K [0x000000077bc00000, 0x000000077d100000, 0x0000000780e00000)
  object space 21504K, 35% used [0x000000077bc00000,0x000000077c378098,0x000000077d100000)
}
Event: 4.561 GC heap before
{Heap before GC invocations=9 (full 2):
 PSYoungGen      total 266240K, used 266240K [0x00000007d5a00000, 0x00000007f3500000, 0x0000000800000000)
  eden space 140288K, 100% used [0x00000007d5a00000,0x00000007de300000,0x00000007de300000)
  from space 125952K, 100% used [0x00000007e8200000,0x00000007efd00000,0x00000007efd00000)
  to   space 162816K, 0% used [0x00000007de300000,0x00000007de300000,0x00000007e8200000)
 ParOldGen       total 439296K, used 222585K [0x0000000780e00000, 0x000000079bb00000, 0x00000007d5a00000)
  object space 439296K, 50% used [0x0000000780e00000,0x000000078e75e468,0x000000079bb00000)
 PSPermGen       total 21504K, used 8427K [0x000000077bc00000, 0x000000077d100000, 0x0000000780e00000)
  object space 21504K, 39% used [0x000000077bc00000,0x000000077c43adb8,0x000000077d100000)
Event: 4.726 GC heap after
Heap after GC invocations=9 (full 2):
 PSYoungGen      total 303104K, used 162816K [0x00000007d5a00000, 0x00000007fc700000, 0x0000000800000000)
  eden space 140288K, 0% used [0x00000007d5a00000,0x00000007d5a00000,0x00000007de300000)
  from space 162816K, 100% used [0x00000007de300000,0x00000007e8200000,0x00000007e8200000)
  to   space 231424K, 0% used [0x00000007ee500000,0x00000007ee500000,0x00000007fc700000)
 ParOldGen       total 439296K, used 312520K [0x0000000780e00000, 0x000000079bb00000, 0x00000007d5a00000)
  object space 439296K, 71% used [0x0000000780e00000,0x0000000793f32350,0x000000079bb00000)
 PSPermGen       total 21504K, used 8427K [0x000000077bc00000, 0x000000077d100000, 0x0000000780e00000)
  object space 21504K, 39% used [0x000000077bc00000,0x000000077c43adb8,0x000000077d100000)
}
Event: 4.726 GC heap before
{Heap before GC invocations=10 (full 3):
 PSYoungGen      total 303104K, used 162816K [0x00000007d5a00000, 0x00000007fc700000, 0x0000000800000000)
  eden space 140288K, 0% used [0x00000007d5a00000,0x00000007d5a00000,0x00000007de300000)
  from space 162816K, 100% used [0x00000007de300000,0x00000007e8200000,0x00000007e8200000)
  to   space 231424K, 0% used [0x00000007ee500000,0x00000007ee500000,0x00000007fc700000)
 ParOldGen       total 439296K, used 312520K [0x0000000780e00000, 0x000000079bb00000, 0x00000007d5a00000)
  object space 439296K, 71% used [0x0000000780e00000,0x0000000793f32350,0x000000079bb00000)
 PSPermGen       total 21504K, used 8427K [0x000000077bc00000, 0x000000077d100000, 0x0000000780e00000)
  object space 21504K, 39% used [0x000000077bc00000,0x000000077c43adb8,0x000000077d100000)

