# JRE version: Java(TM) SE Runtime Environment (7.0_51-b13) (build 1.7.0_51-b13)
# Java VM: Java HotSpot(TM) 64-Bit Server VM (24.51-b03 mixed mode windows-amd64 compressed oops)
Heap
 PSYoungGen      total 138240K, used 5120K [0x00000007d5a00000, 0x00000007eff80000, 0x0000000800000000)
  eden space 133120K, 0% used [0x00000007d5a00000,0x00000007d5a00000,0x00000007ddc00000)
  from space 5120K, 100% used [0x00000007ddc00000,0x00000007de100000,0x00000007de100000)
  to   space 125952K, 0% used [0x00000007e8480000,0x00000007e8480000,0x00000007eff80000)
 ParOldGen       total 215040K, used 213100K [0x0000000780e00000, 0x000000078e000000, 0x00000007d5a00000)
  object space 215040K, 99% used [0x0000000780e00000,0x000000078de1b388,0x000000078e000000)
 PSPermGen       total 21504K, used 7647K [0x000000077bc00000, 0x000000077d100000, 0x0000000780e00000)
  object space 21504K, 35% used [0x000000077bc00000,0x000000077c377e80,0x000000077d100000)
GC Heap History (10 events):
Event: 1.048 GC heap after
Heap after GC invocations=2 (full 0):
 PSYoungGen      total 71680K, used 5118K [0x00000007d5a00000, 0x00000007da500000, 0x0000000800000000)
  eden space 66560K, 0% used [0x00000007d5a00000,0x00000007d5a00000,0x00000007d9b00000)
  from space 5120K, 99% used [0x00000007da000000,0x00000007da4ffbc8,0x00000007da500000)
  to   space 5120K, 0% used [0x00000007d9b00000,0x00000007d9b00000,0x00000007da000000)
 ParOldGen       total 86528K, used 15209K [0x0000000780e00000, 0x0000000786280000, 0x00000007d5a00000)
  object space 86528K, 17% used [0x0000000780e00000,0x0000000781cda650,0x0000000786280000)
 PSPermGen       total 21504K, used 3477K [0x000000077bc00000, 0x000000077d100000, 0x0000000780e00000)
  object space 21504K, 16% used [0x000000077bc00000,0x000000077bf65700,0x000000077d100000)
}
Event: 1.590 GC heap before
{Heap before GC invocations=3 (full 0):
 PSYoungGen      total 71680K, used 71678K [0x00000007d5a00000, 0x00000007da500000, 0x0000000800000000)
  eden space 66560K, 100% used [0x00000007d5a00000,0x00000007d9b00000,0x00000007d9b00000)
  from space 5120K, 99% used [0x00000007da000000,0x00000007da4ffbc8,0x00000007da500000)
  to   space 5120K, 0% used [0x00000007d9b00000,0x00000007d9b00000,0x00000007da000000)
 ParOldGen       total 86528K, used 15209K [0x0000000780e00000, 0x0000000786280000, 0x00000007d5a00000)
  object space 86528K, 17% used [0x0000000780e00000,0x0000000781cda650,0x0000000786280000)
 PSPermGen       total 21504K, used 4052K [0x000000077bc00000, 0x000000077d100000, 0x0000000780e00000)
  object space 21504K, 18% used [0x000000077bc00000,0x000000077bff51e8,0x000000077d100000)
Event: 1.653 GC heap after
Heap after GC invocations=3 (full 0):
 PSYoungGen      total 71680K, used 5104K [0x00000007d5a00000, 0x00000007de600000, 0x0000000800000000)
  eden space 66560K, 0% used [0x00000007d5a00000,0x00000007d5a00000,0x00000007d9b00000)
  from space 5120K, 99% used [0x00000007d9b00000,0x00000007d9ffc020,0x00000007da000000)
  to   space 5120K, 0% used [0x00000007de100000,0x00000007de100000,0x00000007de600000)
 ParOldGen       total 86528K, used 29241K [0x0000000780e00000, 0x0000000786280000, 0x00000007d5a00000)
  object space 86528K, 33% used [0x0000000780e00000,0x0000000782a8e430,0x0000000786280000)
 PSPermGen       total 21504K, used 4052K [0x000000077bc00000, 0x000000077d100000, 0x0000000780e00000)
  object space 21504K, 18% used [0x000000077bc00000,0x000000077bff51e8,0x000000077d100000)
}
Event: 2.273 GC heap before
{Heap before GC invocations=4 (full 0):
 PSYoungGen      total 71680K, used 71664K [0x00000007d5a00000, 0x00000007de600000, 0x0000000800000000)
  eden space 66560K, 100% used [0x00000007d5a00000,0x00000007d9b00000,0x00000007d9b00000)
  from space 5120K, 99% used [0x00000007d9b00000,0x00000007d9ffc020,0x00000007da000000)
  to   space 5120K, 0% used [0x00000007de100000,0x00000007de100000,0x00000007de600000)
 ParOldGen       total 86528K, used 29241K [0x0000000780e00000, 0x0000000786280000, 0x00000007d5a00000)
  object space 86528K, 33% used [0x0000000780e00000,0x0000000782a8e430,0x0000000786280000)
 PSPermGen       total 21504K, used 7651K [0x000000077bc00000, 0x000000077d100000, 0x0000000780e00000)
  object space 21504K, 35% used [0x000000077bc00000,0x000000077c378d30,0x000000077d100000)
Event: 2.377 GC heap after
Heap after GC invocations=4 (full 0):
 PSYoungGen      total 138240K, used 5104K [0x00000007d5a00000, 0x00000007de600000, 0x0000000800000000)
  eden space 133120K, 0% used [0x00000007d5a00000,0x00000007d5a00000,0x00000007ddc00000)
  from space 5120K, 99% used [0x00000007de100000,0x00000007de5fc020,0x00000007de600000)
  to   space 5120K, 0% used [0x00000007ddc00000,0x00000007ddc00000,0x00000007de100000)
 ParOldGen       total 86528K, used 84417K [0x0000000780e00000, 0x0000000786280000, 0x00000007d5a00000)
  object space 86528K, 97% used [0x0000000780e00000,0x0000000786070690,0x0000000786280000)
 PSPermGen       total 21504K, used 7651K [0x000000077bc00000, 0x000000077d100000, 0x0000000780e00000)
  object space 21504K, 35% used [0x000000077bc00000,0x000000077c378d30,0x000000077d100000)
}
Event: 2.377 GC heap before
{Heap before GC invocations=5 (full 1):
 PSYoungGen      total 138240K, used 5104K [0x00000007d5a00000, 0x00000007de600000, 0x0000000800000000)
  eden space 133120K, 0% used [0x00000007d5a00000,0x00000007d5a00000,0x00000007ddc00000)
  from space 5120K, 99% used [0x00000007de100000,0x00000007de5fc020,0x00000007de600000)
  to   space 5120K, 0% used [0x00000007ddc00000,0x00000007ddc00000,0x00000007de100000)
 ParOldGen       total 86528K, used 84417K [0x0000000780e00000, 0x0000000786280000, 0x00000007d5a00000)
  object space 86528K, 97% used [0x0000000780e00000,0x0000000786070690,0x0000000786280000)
 PSPermGen       total 21504K, used 7651K [0x000000077bc00000, 0x000000077d100000, 0x0000000780e00000)
  object space 21504K, 35% used [0x000000077bc00000,0x000000077c378d30,0x000000077d100000)
Event: 2.939 GC heap after
Heap after GC invocations=5 (full 1):
 PSYoungGen      total 138240K, used 0K [0x00000007d5a00000, 0x00000007de600000, 0x0000000800000000)
  eden space 133120K, 0% used [0x00000007d5a00000,0x00000007d5a00000,0x00000007ddc00000)
  from space 5120K, 0% used [0x00000007de100000,0x00000007de100000,0x00000007de600000)
  to   space 5120K, 0% used [0x00000007ddc00000,0x00000007ddc00000,0x00000007de100000)
 ParOldGen       total 194560K, used 84332K [0x0000000780e00000, 0x000000078cc00000, 0x00000007d5a00000)
  object space 194560K, 43% used [0x0000000780e00000,0x000000078605b388,0x000000078cc00000)
 PSPermGen       total 21504K, used 7647K [0x000000077bc00000, 0x000000077d100000, 0x0000000780e00000)
  object space 21504K, 35% used [0x000000077bc00000,0x000000077c377e80,0x000000077d100000)
}
Event: 3.070 GC heap before
{Heap before GC invocations=6 (full 1):
 PSYoungGen      total 138240K, used 133120K [0x00000007d5a00000, 0x00000007de600000, 0x0000000800000000)
  eden space 133120K, 100% used [0x00000007d5a00000,0x00000007ddc00000,0x00000007ddc00000)
  from space 5120K, 0% used [0x00000007de100000,0x00000007de100000,0x00000007de600000)
  to   space 5120K, 0% used [0x00000007ddc00000,0x00000007ddc00000,0x00000007de100000)
 ParOldGen       total 194560K, used 84332K [0x0000000780e00000, 0x000000078cc00000, 0x00000007d5a00000)
  object space 194560K, 43% used [0x0000000780e00000,0x000000078605b388,0x000000078cc00000)
 PSPermGen       total 21504K, used 7647K [0x000000077bc00000, 0x000000077d100000, 0x0000000780e00000)
  object space 21504K, 35% used [0x000000077bc00000,0x000000077c377e80,0x000000077d100000)
Event: 3.184 GC heap after
Heap after GC invocations=6 (full 1):
 PSYoungGen      total 138240K, used 5120K [0x00000007d5a00000, 0x00000007eff80000, 0x0000000800000000)
  eden space 133120K, 0% used [0x00000007d5a00000,0x00000007d5a00000,0x00000007ddc00000)
  from space 5120K, 100% used [0x00000007ddc00000,0x00000007de100000,0x00000007de100000)
  to   space 125952K, 0% used [0x00000007e8480000,0x00000007e8480000,0x00000007eff80000)
 ParOldGen       total 215040K, used 213100K [0x0000000780e00000, 0x000000078e000000, 0x00000007d5a00000)
  object space 215040K, 99% used [0x0000000780e00000,0x000000078de1b388,0x000000078e000000)
 PSPermGen       total 21504K, used 7647K [0x000000077bc00000, 0x000000077d100000, 0x0000000780e00000)
  object space 21504K, 35% used [0x000000077bc00000,0x000000077c377e80,0x000000077d100000)
}
Event: 3.184 GC heap before
{Heap before GC invocations=7 (full 2):
 PSYoungGen      total 138240K, used 5120K [0x00000007d5a00000, 0x00000007eff80000, 0x0000000800000000)
  eden space 133120K, 0% used [0x00000007d5a00000,0x00000007d5a00000,0x00000007ddc00000)
  from space 5120K, 100% used [0x00000007ddc00000,0x00000007de100000,0x00000007de100000)
  to   space 125952K, 0% used [0x00000007e8480000,0x00000007e8480000,0x00000007eff80000)
 ParOldGen       total 215040K, used 213100K [0x0000000780e00000, 0x000000078e000000, 0x00000007d5a00000)
  object space 215040K, 99% used [0x0000000780e00000,0x000000078de1b388,0x000000078e000000)
 PSPermGen       total 21504K, used 7647K [0x000000077bc00000, 0x000000077d100000, 0x0000000780e00000)
  object space 21504K, 35% used [0x000000077bc00000,0x000000077c377e80,0x000000077d100000)

