# JRE version: Java(TM) SE Runtime Environment (7.0_51-b13) (build 1.7.0_51-b13)
# Java VM: Java HotSpot(TM) 64-Bit Server VM (24.51-b03 mixed mode windows-amd64 compressed oops)
Heap
 PSYoungGen      total 309248K, used 162816K [0x00000007d5a00000, 0x00000007fce00000, 0x0000000800000000)
  eden space 146432K, 0% used [0x00000007d5a00000,0x00000007d5a00000,0x00000007de900000)
  from space 162816K, 100% used [0x00000007de900000,0x00000007e8800000,0x00000007e8800000)
  to   space 231424K, 0% used [0x00000007eec00000,0x00000007eec00000,0x00000007fce00000)
 ParOldGen       total 434176K, used 314710K [0x0000000780e00000, 0x000000079b600000, 0x00000007d5a00000)
  object space 434176K, 72% used [0x0000000780e00000,0x0000000794155a10,0x000000079b600000)
 PSPermGen       total 21504K, used 8427K [0x000000077bc00000, 0x000000077d100000, 0x0000000780e00000)
  object space 21504K, 39% used [0x000000077bc00000,0x000000077c43af38,0x000000077d100000)
GC Heap History (10 events):
Event: 2.741 GC heap after
Heap after GC invocations=5 (full 1):
 PSYoungGen      total 138240K, used 0K [0x00000007d5a00000, 0x00000007de600000, 0x0000000800000000)
  eden space 133120K, 0% used [0x00000007d5a00000,0x00000007d5a00000,0x00000007ddc00000)
  from space 5120K, 0% used [0x00000007de100000,0x00000007de100000,0x00000007de600000)
  to   space 5120K, 0% used [0x00000007ddc00000,0x00000007ddc00000,0x00000007de100000)
 ParOldGen       total 194048K, used 84355K [0x0000000780e00000, 0x000000078cb80000, 0x00000007d5a00000)
  object space 194048K, 43% used [0x0000000780e00000,0x0000000786060e78,0x000000078cb80000)
 PSPermGen       total 21504K, used 7648K [0x000000077bc00000, 0x000000077d100000, 0x0000000780e00000)
  object space 21504K, 35% used [0x000000077bc00000,0x000000077c378258,0x000000077d100000)
}
Event: 2.884 GC heap before
{Heap before GC invocations=6 (full 1):
 PSYoungGen      total 138240K, used 133120K [0x00000007d5a00000, 0x00000007de600000, 0x0000000800000000)
  eden space 133120K, 100% used [0x00000007d5a00000,0x00000007ddc00000,0x00000007ddc00000)
  from space 5120K, 0% used [0x00000007de100000,0x00000007de100000,0x00000007de600000)
  to   space 5120K, 0% used [0x00000007ddc00000,0x00000007ddc00000,0x00000007de100000)
 ParOldGen       total 194048K, used 84355K [0x0000000780e00000, 0x000000078cb80000, 0x00000007d5a00000)
  object space 194048K, 43% used [0x0000000780e00000,0x0000000786060e78,0x000000078cb80000)
 PSPermGen       total 21504K, used 7648K [0x000000077bc00000, 0x000000077d100000, 0x0000000780e00000)
  object space 21504K, 35% used [0x000000077bc00000,0x000000077c378258,0x000000077d100000)
Event: 3.040 GC heap after
Heap after GC invocations=6 (full 1):
 PSYoungGen      total 138240K, used 5120K [0x00000007d5a00000, 0x00000007f0300000, 0x0000000800000000)
  eden space 133120K, 0% used [0x00000007d5a00000,0x00000007d5a00000,0x00000007ddc00000)
  from space 5120K, 100% used [0x00000007ddc00000,0x00000007de100000,0x00000007de100000)
  to   space 125952K, 0% used [0x00000007e8800000,0x00000007e8800000,0x00000007f0300000)
 ParOldGen       total 213504K, used 213115K [0x0000000780e00000, 0x000000078de80000, 0x00000007d5a00000)
  object space 213504K, 99% used [0x0000000780e00000,0x000000078de1ee78,0x000000078de80000)
 PSPermGen       total 21504K, used 7648K [0x000000077bc00000, 0x000000077d100000, 0x0000000780e00000)
  object space 21504K, 35% used [0x000000077bc00000,0x000000077c378258,0x000000077d100000)
}
Event: 3.040 GC heap before
{Heap before GC invocations=7 (full 2):
 PSYoungGen      total 138240K, used 5120K [0x00000007d5a00000, 0x00000007f0300000, 0x0000000800000000)
  eden space 133120K, 0% used [0x00000007d5a00000,0x00000007d5a00000,0x00000007ddc00000)
  from space 5120K, 100% used [0x00000007ddc00000,0x00000007de100000,0x00000007de100000)
  to   space 125952K, 0% used [0x00000007e8800000,0x00000007e8800000,0x00000007f0300000)
 ParOldGen       total 213504K, used 213115K [0x0000000780e00000, 0x000000078de80000, 0x00000007d5a00000)
  object space 213504K, 99% used [0x0000000780e00000,0x000000078de1ee78,0x000000078de80000)
 PSPermGen       total 21504K, used 7648K [0x000000077bc00000, 0x000000077d100000, 0x0000000780e00000)
  object space 21504K, 35% used [0x000000077bc00000,0x000000077c378258,0x000000077d100000)
Event: 3.763 GC heap after
Heap after GC invocations=7 (full 2):
 PSYoungGen      total 138240K, used 2045K [0x00000007d5a00000, 0x00000007f0300000, 0x0000000800000000)
  eden space 133120K, 0% used [0x00000007d5a00000,0x00000007d5a00000,0x00000007ddc00000)
  from space 5120K, 39% used [0x00000007ddc00000,0x00000007dddff668,0x00000007de100000)
  to   space 125952K, 0% used [0x00000007e8800000,0x00000007e8800000,0x00000007f0300000)
 ParOldGen       total 434176K, used 213230K [0x0000000780e00000, 0x000000079b600000, 0x00000007d5a00000)
  object space 434176K, 49% used [0x0000000780e00000,0x000000078de3bb28,0x000000079b600000)
 PSPermGen       total 21504K, used 7648K [0x000000077bc00000, 0x000000077d100000, 0x0000000780e00000)
  object space 21504K, 35% used [0x000000077bc00000,0x000000077c378238,0x000000077d100000)
}
Event: 3.858 GC heap before
{Heap before GC invocations=8 (full 2):
 PSYoungGen      total 138240K, used 135165K [0x00000007d5a00000, 0x00000007f0300000, 0x0000000800000000)
  eden space 133120K, 100% used [0x00000007d5a00000,0x00000007ddc00000,0x00000007ddc00000)
  from space 5120K, 39% used [0x00000007ddc00000,0x00000007dddff668,0x00000007de100000)
  to   space 125952K, 0% used [0x00000007e8800000,0x00000007e8800000,0x00000007f0300000)
 ParOldGen       total 434176K, used 213230K [0x0000000780e00000, 0x000000079b600000, 0x00000007d5a00000)
  object space 434176K, 49% used [0x0000000780e00000,0x000000078de3bb28,0x000000079b600000)
 PSPermGen       total 21504K, used 7648K [0x000000077bc00000, 0x000000077d100000, 0x0000000780e00000)
  object space 21504K, 35% used [0x000000077bc00000,0x000000077c378238,0x000000077d100000)
Event: 4.006 GC heap after
Heap after GC invocations=8 (full 2):
 PSYoungGen      total 272384K, used 125952K [0x00000007d5a00000, 0x00000007f3680000, 0x0000000800000000)
  eden space 146432K, 0% used [0x00000007d5a00000,0x00000007d5a00000,0x00000007de900000)
  from space 125952K, 100% used [0x00000007e8800000,0x00000007f0300000,0x00000007f0300000)
  to   space 162816K, 0% used [0x00000007de900000,0x00000007de900000,0x00000007e8800000)
 ParOldGen       total 434176K, used 222750K [0x0000000780e00000, 0x000000079b600000, 0x00000007d5a00000)
  object space 434176K, 51% used [0x0000000780e00000,0x000000078e787b28,0x000000079b600000)
 PSPermGen       total 21504K, used 7648K [0x000000077bc00000, 0x000000077d100000, 0x0000000780e00000)
  object space 21504K, 35% used [0x000000077bc00000,0x000000077c378238,0x000000077d100000)
}
Event: 4.885 GC heap before
{Heap before GC invocations=9 (full 2):
 PSYoungGen      total 272384K, used 272384K [0x00000007d5a00000, 0x00000007f3680000, 0x0000000800000000)
  eden space 146432K, 100% used [0x00000007d5a00000,0x00000007de900000,0x00000007de900000)
  from space 125952K, 100% used [0x00000007e8800000,0x00000007f0300000,0x00000007f0300000)
  to   space 162816K, 0% used [0x00000007de900000,0x00000007de900000,0x00000007e8800000)
 ParOldGen       total 434176K, used 222750K [0x0000000780e00000, 0x000000079b600000, 0x00000007d5a00000)
  object space 434176K, 51% used [0x0000000780e00000,0x000000078e787b28,0x000000079b600000)
 PSPermGen       total 21504K, used 8427K [0x000000077bc00000, 0x000000077d100000, 0x0000000780e00000)
  object space 21504K, 39% used [0x000000077bc00000,0x000000077c43af38,0x000000077d100000)
Event: 5.051 GC heap after
Heap after GC invocations=9 (full 2):
 PSYoungGen      total 309248K, used 162816K [0x00000007d5a00000, 0x00000007fce00000, 0x0000000800000000)
  eden space 146432K, 0% used [0x00000007d5a00000,0x00000007d5a00000,0x00000007de900000)
  from space 162816K, 100% used [0x00000007de900000,0x00000007e8800000,0x00000007e8800000)
  to   space 231424K, 0% used [0x00000007eec00000,0x00000007eec00000,0x00000007fce00000)
 ParOldGen       total 434176K, used 314710K [0x0000000780e00000, 0x000000079b600000, 0x00000007d5a00000)
  object space 434176K, 72% used [0x0000000780e00000,0x0000000794155a10,0x000000079b600000)
 PSPermGen       total 21504K, used 8427K [0x000000077bc00000, 0x000000077d100000, 0x0000000780e00000)
  object space 21504K, 39% used [0x000000077bc00000,0x000000077c43af38,0x000000077d100000)
}
Event: 5.051 GC heap before
{Heap before GC invocations=10 (full 3):
 PSYoungGen      total 309248K, used 162816K [0x00000007d5a00000, 0x00000007fce00000, 0x0000000800000000)
  eden space 146432K, 0% used [0x00000007d5a00000,0x00000007d5a00000,0x00000007de900000)
  from space 162816K, 100% used [0x00000007de900000,0x00000007e8800000,0x00000007e8800000)
  to   space 231424K, 0% used [0x00000007eec00000,0x00000007eec00000,0x00000007fce00000)
 ParOldGen       total 434176K, used 314710K [0x0000000780e00000, 0x000000079b600000, 0x00000007d5a00000)
  object space 434176K, 72% used [0x0000000780e00000,0x0000000794155a10,0x000000079b600000)
 PSPermGen       total 21504K, used 8427K [0x000000077bc00000, 0x000000077d100000, 0x0000000780e00000)
  object space 21504K, 39% used [0x000000077bc00000,0x000000077c43af38,0x000000077d100000)

