# JRE version: Java(TM) SE Runtime Environment (7.0_51-b13) (build 1.7.0_51-b13)
# Java VM: Java HotSpot(TM) 64-Bit Server VM (24.51-b03 mixed mode windows-amd64 compressed oops)
Heap
 PSYoungGen      total 304128K, used 162304K [0x00000007d5a00000, 0x00000007fc880000, 0x0000000800000000)
  eden space 141824K, 0% used [0x00000007d5a00000,0x00000007d5a00000,0x00000007de480000)
  from space 162304K, 100% used [0x00000007de480000,0x00000007e8300000,0x00000007e8300000)
  to   space 231424K, 0% used [0x00000007ee680000,0x00000007ee680000,0x00000007fc880000)
 ParOldGen       total 438272K, used 313613K [0x0000000780e00000, 0x000000079ba00000, 0x00000007d5a00000)
  object space 438272K, 71% used [0x0000000780e00000,0x00000007940435a8,0x000000079ba00000)
 PSPermGen       total 21504K, used 8427K [0x000000077bc00000, 0x000000077d100000, 0x0000000780e00000)
  object space 21504K, 39% used [0x000000077bc00000,0x000000077c43af38,0x000000077d100000)
GC Heap History (10 events):
Event: 2.827 GC heap after
Heap after GC invocations=5 (full 1):
 PSYoungGen      total 138240K, used 0K [0x00000007d5a00000, 0x00000007de600000, 0x0000000800000000)
  eden space 133120K, 0% used [0x00000007d5a00000,0x00000007d5a00000,0x00000007ddc00000)
  from space 5120K, 0% used [0x00000007de100000,0x00000007de100000,0x00000007de600000)
  to   space 5120K, 0% used [0x00000007ddc00000,0x00000007ddc00000,0x00000007de100000)
 ParOldGen       total 194560K, used 83959K [0x0000000780e00000, 0x000000078cc00000, 0x00000007d5a00000)
  object space 194560K, 43% used [0x0000000780e00000,0x0000000785ffdec8,0x000000078cc00000)
 PSPermGen       total 21504K, used 7648K [0x000000077bc00000, 0x000000077d100000, 0x0000000780e00000)
  object space 21504K, 35% used [0x000000077bc00000,0x000000077c378338,0x000000077d100000)
}
Event: 2.962 GC heap before
{Heap before GC invocations=6 (full 1):
 PSYoungGen      total 138240K, used 133120K [0x00000007d5a00000, 0x00000007de600000, 0x0000000800000000)
  eden space 133120K, 100% used [0x00000007d5a00000,0x00000007ddc00000,0x00000007ddc00000)
  from space 5120K, 0% used [0x00000007de100000,0x00000007de100000,0x00000007de600000)
  to   space 5120K, 0% used [0x00000007ddc00000,0x00000007ddc00000,0x00000007de100000)
 ParOldGen       total 194560K, used 83959K [0x0000000780e00000, 0x000000078cc00000, 0x00000007d5a00000)
  object space 194560K, 43% used [0x0000000780e00000,0x0000000785ffdec8,0x000000078cc00000)
 PSPermGen       total 21504K, used 7648K [0x000000077bc00000, 0x000000077d100000, 0x0000000780e00000)
  object space 21504K, 35% used [0x000000077bc00000,0x000000077c378338,0x000000077d100000)
Event: 3.084 GC heap after
Heap after GC invocations=6 (full 1):
 PSYoungGen      total 138240K, used 5120K [0x00000007d5a00000, 0x00000007efe00000, 0x0000000800000000)
  eden space 133120K, 0% used [0x00000007d5a00000,0x00000007d5a00000,0x00000007ddc00000)
  from space 5120K, 100% used [0x00000007ddc00000,0x00000007de100000,0x00000007de100000)
  to   space 125952K, 0% used [0x00000007e8300000,0x00000007e8300000,0x00000007efe00000)
 ParOldGen       total 214016K, used 212703K [0x0000000780e00000, 0x000000078df00000, 0x00000007d5a00000)
  object space 214016K, 99% used [0x0000000780e00000,0x000000078ddb7ec8,0x000000078df00000)
 PSPermGen       total 21504K, used 7648K [0x000000077bc00000, 0x000000077d100000, 0x0000000780e00000)
  object space 21504K, 35% used [0x000000077bc00000,0x000000077c378338,0x000000077d100000)
}
Event: 3.084 GC heap before
{Heap before GC invocations=7 (full 2):
 PSYoungGen      total 138240K, used 5120K [0x00000007d5a00000, 0x00000007efe00000, 0x0000000800000000)
  eden space 133120K, 0% used [0x00000007d5a00000,0x00000007d5a00000,0x00000007ddc00000)
  from space 5120K, 100% used [0x00000007ddc00000,0x00000007de100000,0x00000007de100000)
  to   space 125952K, 0% used [0x00000007e8300000,0x00000007e8300000,0x00000007efe00000)
 ParOldGen       total 214016K, used 212703K [0x0000000780e00000, 0x000000078df00000, 0x00000007d5a00000)
  object space 214016K, 99% used [0x0000000780e00000,0x000000078ddb7ec8,0x000000078df00000)
 PSPermGen       total 21504K, used 7648K [0x000000077bc00000, 0x000000077d100000, 0x0000000780e00000)
  object space 21504K, 35% used [0x000000077bc00000,0x000000077c378338,0x000000077d100000)
Event: 3.771 GC heap after
Heap after GC invocations=7 (full 2):
 PSYoungGen      total 138240K, used 1534K [0x00000007d5a00000, 0x00000007efe00000, 0x0000000800000000)
  eden space 133120K, 0% used [0x00000007d5a00000,0x00000007d5a00000,0x00000007ddc00000)
  from space 5120K, 29% used [0x00000007ddc00000,0x00000007ddd7f8a0,0x00000007de100000)
  to   space 125952K, 0% used [0x00000007e8300000,0x00000007e8300000,0x00000007efe00000)
 ParOldGen       total 438272K, used 213722K [0x0000000780e00000, 0x000000079ba00000, 0x00000007d5a00000)
  object space 438272K, 48% used [0x0000000780e00000,0x000000078deb6890,0x000000079ba00000)
 PSPermGen       total 21504K, used 7648K [0x000000077bc00000, 0x000000077d100000, 0x0000000780e00000)
  object space 21504K, 35% used [0x000000077bc00000,0x000000077c378318,0x000000077d100000)
}
Event: 3.887 GC heap before
{Heap before GC invocations=8 (full 2):
 PSYoungGen      total 138240K, used 134654K [0x00000007d5a00000, 0x00000007efe00000, 0x0000000800000000)
  eden space 133120K, 100% used [0x00000007d5a00000,0x00000007ddc00000,0x00000007ddc00000)
  from space 5120K, 29% used [0x00000007ddc00000,0x00000007ddd7f8a0,0x00000007de100000)
  to   space 125952K, 0% used [0x00000007e8300000,0x00000007e8300000,0x00000007efe00000)
 ParOldGen       total 438272K, used 213722K [0x0000000780e00000, 0x000000079ba00000, 0x00000007d5a00000)
  object space 438272K, 48% used [0x0000000780e00000,0x000000078deb6890,0x000000079ba00000)
 PSPermGen       total 21504K, used 7648K [0x000000077bc00000, 0x000000077d100000, 0x0000000780e00000)
  object space 21504K, 35% used [0x000000077bc00000,0x000000077c378318,0x000000077d100000)
Event: 4.053 GC heap after
Heap after GC invocations=8 (full 2):
 PSYoungGen      total 267776K, used 125952K [0x00000007d5a00000, 0x00000007f3380000, 0x0000000800000000)
  eden space 141824K, 0% used [0x00000007d5a00000,0x00000007d5a00000,0x00000007de480000)
  from space 125952K, 100% used [0x00000007e8300000,0x00000007efe00000,0x00000007efe00000)
  to   space 162304K, 0% used [0x00000007de480000,0x00000007de480000,0x00000007e8300000)
 ParOldGen       total 438272K, used 222730K [0x0000000780e00000, 0x000000079ba00000, 0x00000007d5a00000)
  object space 438272K, 50% used [0x0000000780e00000,0x000000078e782890,0x000000079ba00000)
 PSPermGen       total 21504K, used 7648K [0x000000077bc00000, 0x000000077d100000, 0x0000000780e00000)
  object space 21504K, 35% used [0x000000077bc00000,0x000000077c378318,0x000000077d100000)
}
Event: 4.826 GC heap before
{Heap before GC invocations=9 (full 2):
 PSYoungGen      total 267776K, used 267776K [0x00000007d5a00000, 0x00000007f3380000, 0x0000000800000000)
  eden space 141824K, 100% used [0x00000007d5a00000,0x00000007de480000,0x00000007de480000)
  from space 125952K, 100% used [0x00000007e8300000,0x00000007efe00000,0x00000007efe00000)
  to   space 162304K, 0% used [0x00000007de480000,0x00000007de480000,0x00000007e8300000)
 ParOldGen       total 438272K, used 222730K [0x0000000780e00000, 0x000000079ba00000, 0x00000007d5a00000)
  object space 438272K, 50% used [0x0000000780e00000,0x000000078e782890,0x000000079ba00000)
 PSPermGen       total 21504K, used 8427K [0x000000077bc00000, 0x000000077d100000, 0x0000000780e00000)
  object space 21504K, 39% used [0x000000077bc00000,0x000000077c43af38,0x000000077d100000)
Event: 5.013 GC heap after
Heap after GC invocations=9 (full 2):
 PSYoungGen      total 304128K, used 162304K [0x00000007d5a00000, 0x00000007fc880000, 0x0000000800000000)
  eden space 141824K, 0% used [0x00000007d5a00000,0x00000007d5a00000,0x00000007de480000)
  from space 162304K, 100% used [0x00000007de480000,0x00000007e8300000,0x00000007e8300000)
  to   space 231424K, 0% used [0x00000007ee680000,0x00000007ee680000,0x00000007fc880000)
 ParOldGen       total 438272K, used 313613K [0x0000000780e00000, 0x000000079ba00000, 0x00000007d5a00000)
  object space 438272K, 71% used [0x0000000780e00000,0x00000007940435a8,0x000000079ba00000)
 PSPermGen       total 21504K, used 8427K [0x000000077bc00000, 0x000000077d100000, 0x0000000780e00000)
  object space 21504K, 39% used [0x000000077bc00000,0x000000077c43af38,0x000000077d100000)
}
Event: 5.014 GC heap before
{Heap before GC invocations=10 (full 3):
 PSYoungGen      total 304128K, used 162304K [0x00000007d5a00000, 0x00000007fc880000, 0x0000000800000000)
  eden space 141824K, 0% used [0x00000007d5a00000,0x00000007d5a00000,0x00000007de480000)
  from space 162304K, 100% used [0x00000007de480000,0x00000007e8300000,0x00000007e8300000)
  to   space 231424K, 0% used [0x00000007ee680000,0x00000007ee680000,0x00000007fc880000)
 ParOldGen       total 438272K, used 313613K [0x0000000780e00000, 0x000000079ba00000, 0x00000007d5a00000)
  object space 438272K, 71% used [0x0000000780e00000,0x00000007940435a8,0x000000079ba00000)
 PSPermGen       total 21504K, used 8427K [0x000000077bc00000, 0x000000077d100000, 0x0000000780e00000)
  object space 21504K, 39% used [0x000000077bc00000,0x000000077c43af38,0x000000077d100000)

