# JRE version: Java(TM) SE Runtime Environment (7.0_51-b13) (build 1.7.0_51-b13)
# Java VM: Java HotSpot(TM) 64-Bit Server VM (24.51-b03 mixed mode windows-amd64 compressed oops)
Heap
 PSYoungGen      total 458240K, used 25984K [0x00000007d5a00000, 0x00000007f9980000, 0x0000000800000000)
  eden space 384000K, 0% used [0x00000007d5a00000,0x00000007d5a00000,0x00000007ed100000)
  from space 74240K, 35% used [0x00000007f1700000,0x00000007f3060000,0x00000007f5f80000)
  to   space 71680K, 0% used [0x00000007ed100000,0x00000007ed100000,0x00000007f1700000)
 ParOldGen       total 1327104K, used 1271429K [0x0000000780e00000, 0x00000007d1e00000, 0x00000007d5a00000)
  object space 1327104K, 95% used [0x0000000780e00000,0x00000007ce7a1738,0x00000007d1e00000)
 PSPermGen       total 21504K, used 16323K [0x000000077bc00000, 0x000000077d100000, 0x0000000780e00000)
  object space 21504K, 75% used [0x000000077bc00000,0x000000077cbf0e50,0x000000077d100000)
GC Heap History (10 events):
Event: 87016.512 GC heap after
Heap after GC invocations=39549 (full 100):
 PSYoungGen      total 419328K, used 256K [0x00000007d5a00000, 0x00000007f1900000, 0x0000000800000000)
  eden space 395264K, 0% used [0x00000007d5a00000,0x00000007d5a00000,0x00000007edc00000)
  from space 24064K, 1% used [0x00000007f0180000,0x00000007f01c0010,0x00000007f1900000)
  to   space 31232K, 0% used [0x00000007edc00000,0x00000007edc00000,0x00000007efa80000)
 ParOldGen       total 1327104K, used 1134801K [0x0000000780e00000, 0x00000007d1e00000, 0x00000007d5a00000)
  object space 1327104K, 85% used [0x0000000780e00000,0x00000007c6234670,0x00000007d1e00000)
 PSPermGen       total 21504K, used 16323K [0x000000077bc00000, 0x000000077d100000, 0x0000000780e00000)
  object space 21504K, 75% used [0x000000077bc00000,0x000000077cbf0e50,0x000000077d100000)
}
Event: 87020.276 GC heap before
{Heap before GC invocations=39550 (full 100):
 PSYoungGen      total 419328K, used 395520K [0x00000007d5a00000, 0x00000007f1900000, 0x0000000800000000)
  eden space 395264K, 100% used [0x00000007d5a00000,0x00000007edc00000,0x00000007edc00000)
  from space 24064K, 1% used [0x00000007f0180000,0x00000007f01c0010,0x00000007f1900000)
  to   space 31232K, 0% used [0x00000007edc00000,0x00000007edc00000,0x00000007efa80000)
 ParOldGen       total 1327104K, used 1134801K [0x0000000780e00000, 0x00000007d1e00000, 0x00000007d5a00000)
  object space 1327104K, 85% used [0x0000000780e00000,0x00000007c6234670,0x00000007d1e00000)
 PSPermGen       total 21504K, used 16323K [0x000000077bc00000, 0x000000077d100000, 0x0000000780e00000)
  object space 21504K, 75% used [0x000000077bc00000,0x000000077cbf0e50,0x000000077d100000)
Event: 87020.289 GC heap after
Heap after GC invocations=39550 (full 100):
 PSYoungGen      total 391168K, used 256K [0x00000007d5a00000, 0x00000007f1080000, 0x0000000800000000)
  eden space 390656K, 0% used [0x00000007d5a00000,0x00000007d5a00000,0x00000007ed780000)
  from space 512K, 50% used [0x00000007edc00000,0x00000007edc40010,0x00000007edc80000)
  to   space 29184K, 0% used [0x00000007ef400000,0x00000007ef400000,0x00000007f1080000)
 ParOldGen       total 1327104K, used 1134817K [0x0000000780e00000, 0x00000007d1e00000, 0x00000007d5a00000)
  object space 1327104K, 85% used [0x0000000780e00000,0x00000007c6238670,0x00000007d1e00000)
 PSPermGen       total 21504K, used 16323K [0x000000077bc00000, 0x000000077d100000, 0x0000000780e00000)
  object space 21504K, 75% used [0x000000077bc00000,0x000000077cbf0e50,0x000000077d100000)
}
Event: 87023.630 GC heap before
{Heap before GC invocations=39551 (full 100):
 PSYoungGen      total 391168K, used 390912K [0x00000007d5a00000, 0x00000007f1080000, 0x0000000800000000)
  eden space 390656K, 100% used [0x00000007d5a00000,0x00000007ed780000,0x00000007ed780000)
  from space 512K, 50% used [0x00000007edc00000,0x00000007edc40010,0x00000007edc80000)
  to   space 29184K, 0% used [0x00000007ef400000,0x00000007ef400000,0x00000007f1080000)
 ParOldGen       total 1327104K, used 1134817K [0x0000000780e00000, 0x00000007d1e00000, 0x00000007d5a00000)
  object space 1327104K, 85% used [0x0000000780e00000,0x00000007c6238670,0x00000007d1e00000)
 PSPermGen       total 21504K, used 16323K [0x000000077bc00000, 0x000000077d100000, 0x0000000780e00000)
  object space 21504K, 75% used [0x000000077bc00000,0x000000077cbf0e50,0x000000077d100000)
Event: 87023.642 GC heap after
Heap after GC invocations=39551 (full 100):
 PSYoungGen      total 406528K, used 288K [0x00000007d5a00000, 0x00000007f0800000, 0x0000000800000000)
  eden space 386048K, 0% used [0x00000007d5a00000,0x00000007d5a00000,0x00000007ed300000)
  from space 20480K, 1% used [0x00000007ef400000,0x00000007ef448010,0x00000007f0800000)
  to   space 27136K, 0% used [0x00000007ed300000,0x00000007ed300000,0x00000007eed80000)
 ParOldGen       total 1327104K, used 1134838K [0x0000000780e00000, 0x00000007d1e00000, 0x00000007d5a00000)
  object space 1327104K, 85% used [0x0000000780e00000,0x00000007c623da48,0x00000007d1e00000)
 PSPermGen       total 21504K, used 16323K [0x000000077bc00000, 0x000000077d100000, 0x0000000780e00000)
  object space 21504K, 75% used [0x000000077bc00000,0x000000077cbf0e50,0x000000077d100000)
}
Event: 87037.047 GC heap before
{Heap before GC invocations=39552 (full 100):
 PSYoungGen      total 406528K, used 386336K [0x00000007d5a00000, 0x00000007f0800000, 0x0000000800000000)
  eden space 386048K, 100% used [0x00000007d5a00000,0x00000007ed300000,0x00000007ed300000)
  from space 20480K, 1% used [0x00000007ef400000,0x00000007ef448010,0x00000007f0800000)
  to   space 27136K, 0% used [0x00000007ed300000,0x00000007ed300000,0x00000007eed80000)
 ParOldGen       total 1327104K, used 1134838K [0x0000000780e00000, 0x00000007d1e00000, 0x00000007d5a00000)
  object space 1327104K, 85% used [0x0000000780e00000,0x00000007c623da48,0x00000007d1e00000)
 PSPermGen       total 21504K, used 16323K [0x000000077bc00000, 0x000000077d100000, 0x0000000780e00000)
  object space 21504K, 75% used [0x000000077bc00000,0x000000077cbf0e50,0x000000077d100000)
Event: 87037.289 GC heap after
Heap after GC invocations=39552 (full 100):
 PSYoungGen      total 408576K, used 27126K [0x00000007d5a00000, 0x00000007f5f80000, 0x0000000800000000)
  eden space 381440K, 0% used [0x00000007d5a00000,0x00000007d5a00000,0x00000007ece80000)
  from space 27136K, 99% used [0x00000007ed300000,0x00000007eed7db28,0x00000007eed80000)
  to   space 74240K, 0% used [0x00000007f1700000,0x00000007f1700000,0x00000007f5f80000)
 ParOldGen       total 1327104K, used 1244320K [0x0000000780e00000, 0x00000007d1e00000, 0x00000007d5a00000)
  object space 1327104K, 93% used [0x0000000780e00000,0x00000007ccd281f8,0x00000007d1e00000)
 PSPermGen       total 21504K, used 16323K [0x000000077bc00000, 0x000000077d100000, 0x0000000780e00000)
  object space 21504K, 75% used [0x000000077bc00000,0x000000077cbf0e50,0x000000077d100000)
}
Event: 87041.943 GC heap before
{Heap before GC invocations=39553 (full 100):
 PSYoungGen      total 408576K, used 408566K [0x00000007d5a00000, 0x00000007f5f80000, 0x0000000800000000)
  eden space 381440K, 100% used [0x00000007d5a00000,0x00000007ece80000,0x00000007ece80000)
  from space 27136K, 99% used [0x00000007ed300000,0x00000007eed7db28,0x00000007eed80000)
  to   space 74240K, 0% used [0x00000007f1700000,0x00000007f1700000,0x00000007f5f80000)
 ParOldGen       total 1327104K, used 1244320K [0x0000000780e00000, 0x00000007d1e00000, 0x00000007d5a00000)
  object space 1327104K, 93% used [0x0000000780e00000,0x00000007ccd281f8,0x00000007d1e00000)
 PSPermGen       total 21504K, used 16323K [0x000000077bc00000, 0x000000077d100000, 0x0000000780e00000)
  object space 21504K, 75% used [0x000000077bc00000,0x000000077cbf0e50,0x000000077d100000)
Event: 87042.093 GC heap after
Heap after GC invocations=39553 (full 100):
 PSYoungGen      total 458240K, used 25984K [0x00000007d5a00000, 0x00000007f9980000, 0x0000000800000000)
  eden space 384000K, 0% used [0x00000007d5a00000,0x00000007d5a00000,0x00000007ed100000)
  from space 74240K, 35% used [0x00000007f1700000,0x00000007f3060000,0x00000007f5f80000)
  to   space 71680K, 0% used [0x00000007ed100000,0x00000007ed100000,0x00000007f1700000)
 ParOldGen       total 1327104K, used 1271429K [0x0000000780e00000, 0x00000007d1e00000, 0x00000007d5a00000)
  object space 1327104K, 95% used [0x0000000780e00000,0x00000007ce7a1738,0x00000007d1e00000)
 PSPermGen       total 21504K, used 16323K [0x000000077bc00000, 0x000000077d100000, 0x0000000780e00000)
  object space 21504K, 75% used [0x000000077bc00000,0x000000077cbf0e50,0x000000077d100000)
}
Event: 87042.093 GC heap before
{Heap before GC invocations=39554 (full 101):
 PSYoungGen      total 458240K, used 25984K [0x00000007d5a00000, 0x00000007f9980000, 0x0000000800000000)
  eden space 384000K, 0% used [0x00000007d5a00000,0x00000007d5a00000,0x00000007ed100000)
  from space 74240K, 35% used [0x00000007f1700000,0x00000007f3060000,0x00000007f5f80000)
  to   space 71680K, 0% used [0x00000007ed100000,0x00000007ed100000,0x00000007f1700000)
 ParOldGen       total 1327104K, used 1271429K [0x0000000780e00000, 0x00000007d1e00000, 0x00000007d5a00000)
  object space 1327104K, 95% used [0x0000000780e00000,0x00000007ce7a1738,0x00000007d1e00000)
 PSPermGen       total 21504K, used 16323K [0x000000077bc00000, 0x000000077d100000, 0x0000000780e00000)
  object space 21504K, 75% used [0x000000077bc00000,0x000000077cbf0e50,0x000000077d100000)

